[3.191s] Invoking command in '/home/user/ros2_ws/src/object_detection': PYTHONPATH=/home/user/ros2_ws/build/object_detection/prefix_override:/home/user/ros2_ws/install/object_detection/lib/python3.10/site-packages:${PYTHONPATH} _=/usr/bin/env /usr/bin/python3 setup.py egg_info --egg-base ../../build/object_detection build --build-base /home/user/ros2_ws/build/object_detection/build install --record /home/user/ros2_ws/build/object_detection/install.log --single-version-externally-managed
[4.573s] running egg_info
[4.574s] writing ../../build/object_detection/object_detection.egg-info/PKG-INFO
[4.574s] writing dependency_links to ../../build/object_detection/object_detection.egg-info/dependency_links.txt
[4.575s] writing entry points to ../../build/object_detection/object_detection.egg-info/entry_points.txt
[4.575s] writing requirements to ../../build/object_detection/object_detection.egg-info/requires.txt
[4.575s] writing top-level names to ../../build/object_detection/object_detection.egg-info/top_level.txt
[4.602s] reading manifest file '../../build/object_detection/object_detection.egg-info/SOURCES.txt'
[4.605s] writing manifest file '../../build/object_detection/object_detection.egg-info/SOURCES.txt'
[4.605s] running build
[4.606s] running build_py
[4.607s] copying object_detection/object_detection.py -> /home/user/ros2_ws/build/object_detection/build/lib/object_detection
[4.609s] running install
[4.610s] running install_lib
[4.611s] /usr/lib/python3/dist-packages/setuptools/command/install.py:34: SetuptoolsDeprecationWarning: setup.py install is deprecated. Use build and pip and other standards-based tools.
[4.612s]   warnings.warn(
[4.613s] copying /home/user/ros2_ws/build/object_detection/build/lib/object_detection/object_detection.py -> /home/user/ros2_ws/install/object_detection/lib/python3.10/site-packages/object_detection
[4.614s] byte-compiling /home/user/ros2_ws/install/object_detection/lib/python3.10/site-packages/object_detection/object_detection.py to object_detection.cpython-310.pyc
[4.615s] running install_data
[4.616s] running install_egg_info
[4.665s] removing '/home/user/ros2_ws/install/object_detection/lib/python3.10/site-packages/object_detection-0.0.0-py3.10.egg-info' (and everything under it)
[4.665s] Copying ../../build/object_detection/object_detection.egg-info to /home/user/ros2_ws/install/object_detection/lib/python3.10/site-packages/object_detection-0.0.0-py3.10.egg-info
[4.665s] running install_scripts
[4.712s] Installing image_subscriber script to /home/user/ros2_ws/install/object_detection/lib/object_detection
[4.713s] writing list of installed files to '/home/user/ros2_ws/build/object_detection/install.log'
[4.885s] Invoked command in '/home/user/ros2_ws/src/object_detection' returned '0': PYTHONPATH=/home/user/ros2_ws/build/object_detection/prefix_override:/home/user/ros2_ws/install/object_detection/lib/python3.10/site-packages:${PYTHONPATH} _=/usr/bin/env /usr/bin/python3 setup.py egg_info --egg-base ../../build/object_detection build --build-base /home/user/ros2_ws/build/object_detection/build install --record /home/user/ros2_ws/build/object_detection/install.log --single-version-externally-managed
