[3.165s] DEBUG:colcon:Command line arguments: ['/usr/bin/colcon', 'build']
[3.165s] DEBUG:colcon:Parsed command line arguments: Namespace(log_base=None, log_level=None, verb_name='build', build_base='build', install_base='install', merge_install=False, symlink_install=False, test_result_base=None, continue_on_error=False, executor='parallel', parallel_workers=8, event_handlers=None, ignore_user_meta=False, metas=['./colcon.meta'], base_paths=['.'], packages_ignore=None, packages_ignore_regex=None, paths=None, packages_up_to=None, packages_up_to_regex=None, packages_above=None, packages_above_and_dependencies=None, packages_above_depth=None, packages_select_by_dep=None, packages_skip_by_dep=None, packages_skip_up_to=None, packages_select_build_failed=False, packages_skip_build_finished=False, packages_select_test_failures=False, packages_skip_test_passed=False, packages_select=None, packages_skip=None, packages_select_regex=None, packages_skip_regex=None, packages_start=None, packages_end=None, lookup_in_workspace=False, cargo_args=None, clean_build=False, cmake_args=None, cmake_target=None, cmake_target_skip_unavailable=False, cmake_clean_cache=False, cmake_clean_first=False, cmake_force_configure=False, ament_cmake_args=None, catkin_cmake_args=None, catkin_skip_building_tests=False, mixin_files=None, mixin=None, verb_parser=<colcon_mixin.mixin.mixin_argument.MixinArgumentDecorator object at 0x7f330659d4b0>, verb_extension=<colcon_core.verb.build.BuildVerb object at 0x7f3307087d60>, main=<bound method BuildVerb.main of <colcon_core.verb.build.BuildVerb object at 0x7f3307087d60>>, mixin_verb=('build',))
[3.362s] Level 1:colcon.colcon_core.package_discovery:discover_packages(colcon_meta) check parameters
[3.362s] Level 1:colcon.colcon_core.package_discovery:discover_packages(recursive) check parameters
[3.363s] Level 1:colcon.colcon_core.package_discovery:discover_packages(ignore) check parameters
[3.363s] Level 1:colcon.colcon_core.package_discovery:discover_packages(path) check parameters
[3.363s] Level 1:colcon.colcon_core.package_discovery:discover_packages(colcon_meta) discover
[3.363s] Level 1:colcon.colcon_core.package_discovery:discover_packages(recursive) discover
[3.363s] INFO:colcon.colcon_core.package_discovery:Crawling recursively for packages in '/home/user/ros2_ws'
[3.364s] Level 1:colcon.colcon_core.package_identification:_identify(.) by extensions ['ignore', 'ignore_ament_install']
[3.364s] Level 1:colcon.colcon_core.package_identification:_identify(.) by extension 'ignore'
[3.364s] Level 1:colcon.colcon_core.package_identification:_identify(.) by extension 'ignore_ament_install'
[3.364s] Level 1:colcon.colcon_core.package_identification:_identify(.) by extensions ['colcon_pkg']
[3.364s] Level 1:colcon.colcon_core.package_identification:_identify(.) by extension 'colcon_pkg'
[3.365s] Level 1:colcon.colcon_core.package_identification:_identify(.) by extensions ['colcon_meta']
[3.366s] Level 1:colcon.colcon_core.package_identification:_identify(.) by extension 'colcon_meta'
[3.366s] Level 1:colcon.colcon_core.package_identification:_identify(.) by extensions ['ament_cargo']
[3.366s] Level 1:colcon.colcon_core.package_identification:_identify(.) by extension 'ament_cargo'
[3.366s] Level 1:colcon.colcon_core.package_identification:_identify(.) by extensions ['ros']
[3.366s] Level 1:colcon.colcon_core.package_identification:_identify(.) by extension 'ros'
[3.396s] Level 1:colcon.colcon_core.package_identification:_identify(.) by extensions ['cargo', 'cmake', 'python']
[3.396s] Level 1:colcon.colcon_core.package_identification:_identify(.) by extension 'cargo'
[3.397s] Level 1:colcon.colcon_core.package_identification:_identify(.) by extension 'cmake'
[3.397s] Level 1:colcon.colcon_core.package_identification:_identify(.) by extension 'python'
[3.397s] Level 1:colcon.colcon_core.package_identification:_identify(.) by extensions ['python_setup_py']
[3.397s] Level 1:colcon.colcon_core.package_identification:_identify(.) by extension 'python_setup_py'
[3.397s] Level 1:colcon.colcon_core.package_identification:_identify(build) by extensions ['ignore', 'ignore_ament_install']
[3.398s] Level 1:colcon.colcon_core.package_identification:_identify(build) by extension 'ignore'
[3.398s] Level 1:colcon.colcon_core.package_identification:_identify(build) ignored
[3.398s] Level 1:colcon.colcon_core.package_identification:_identify(install) by extensions ['ignore', 'ignore_ament_install']
[3.398s] Level 1:colcon.colcon_core.package_identification:_identify(install) by extension 'ignore'
[3.398s] Level 1:colcon.colcon_core.package_identification:_identify(install) ignored
[3.398s] Level 1:colcon.colcon_core.package_identification:_identify(log) by extensions ['ignore', 'ignore_ament_install']
[3.398s] Level 1:colcon.colcon_core.package_identification:_identify(log) by extension 'ignore'
[3.398s] Level 1:colcon.colcon_core.package_identification:_identify(log) ignored
[3.398s] Level 1:colcon.colcon_core.package_identification:_identify(src) by extensions ['ignore', 'ignore_ament_install']
[3.399s] Level 1:colcon.colcon_core.package_identification:_identify(src) by extension 'ignore'
[3.399s] Level 1:colcon.colcon_core.package_identification:_identify(src) by extension 'ignore_ament_install'
[3.399s] Level 1:colcon.colcon_core.package_identification:_identify(src) by extensions ['colcon_pkg']
[3.399s] Level 1:colcon.colcon_core.package_identification:_identify(src) by extension 'colcon_pkg'
[3.399s] Level 1:colcon.colcon_core.package_identification:_identify(src) by extensions ['colcon_meta']
[3.399s] Level 1:colcon.colcon_core.package_identification:_identify(src) by extension 'colcon_meta'
[3.399s] Level 1:colcon.colcon_core.package_identification:_identify(src) by extensions ['ament_cargo']
[3.399s] Level 1:colcon.colcon_core.package_identification:_identify(src) by extension 'ament_cargo'
[3.399s] Level 1:colcon.colcon_core.package_identification:_identify(src) by extensions ['ros']
[3.399s] Level 1:colcon.colcon_core.package_identification:_identify(src) by extension 'ros'
[3.399s] Level 1:colcon.colcon_core.package_identification:_identify(src) by extensions ['cargo', 'cmake', 'python']
[3.399s] Level 1:colcon.colcon_core.package_identification:_identify(src) by extension 'cargo'
[3.399s] Level 1:colcon.colcon_core.package_identification:_identify(src) by extension 'cmake'
[3.399s] Level 1:colcon.colcon_core.package_identification:_identify(src) by extension 'python'
[3.399s] Level 1:colcon.colcon_core.package_identification:_identify(src) by extensions ['python_setup_py']
[3.399s] Level 1:colcon.colcon_core.package_identification:_identify(src) by extension 'python_setup_py'
[3.400s] Level 1:colcon.colcon_core.package_identification:_identify(src/object_detection) by extensions ['ignore', 'ignore_ament_install']
[3.400s] Level 1:colcon.colcon_core.package_identification:_identify(src/object_detection) by extension 'ignore'
[3.400s] Level 1:colcon.colcon_core.package_identification:_identify(src/object_detection) by extension 'ignore_ament_install'
[3.400s] Level 1:colcon.colcon_core.package_identification:_identify(src/object_detection) by extensions ['colcon_pkg']
[3.400s] Level 1:colcon.colcon_core.package_identification:_identify(src/object_detection) by extension 'colcon_pkg'
[3.400s] Level 1:colcon.colcon_core.package_identification:_identify(src/object_detection) by extensions ['colcon_meta']
[3.400s] Level 1:colcon.colcon_core.package_identification:_identify(src/object_detection) by extension 'colcon_meta'
[3.400s] Level 1:colcon.colcon_core.package_identification:_identify(src/object_detection) by extensions ['ament_cargo']
[3.400s] Level 1:colcon.colcon_core.package_identification:_identify(src/object_detection) by extension 'ament_cargo'
[3.400s] Level 1:colcon.colcon_core.package_identification:_identify(src/object_detection) by extensions ['ros']
[3.400s] Level 1:colcon.colcon_core.package_identification:_identify(src/object_detection) by extension 'ros'
[3.405s] DEBUG:colcon.colcon_core.package_identification:Package 'src/object_detection' with type 'ros.ament_python' and name 'object_detection'
[3.405s] Level 1:colcon.colcon_core.package_discovery:discover_packages(recursive) using defaults
[3.405s] Level 1:colcon.colcon_core.package_discovery:discover_packages(ignore) discover
[3.405s] Level 1:colcon.colcon_core.package_discovery:discover_packages(ignore) using defaults
[3.405s] Level 1:colcon.colcon_core.package_discovery:discover_packages(path) discover
[3.405s] Level 1:colcon.colcon_core.package_discovery:discover_packages(path) using defaults
[3.597s] Level 5:colcon.colcon_core.verb:set package 'object_detection' build argument 'lookup_in_workspace' from command line to 'False'
[3.597s] Level 5:colcon.colcon_core.verb:set package 'object_detection' build argument 'cargo_args' from command line to 'None'
[3.597s] Level 5:colcon.colcon_core.verb:set package 'object_detection' build argument 'clean_build' from command line to 'False'
[3.597s] Level 5:colcon.colcon_core.verb:set package 'object_detection' build argument 'cmake_args' from command line to 'None'
[3.597s] Level 5:colcon.colcon_core.verb:set package 'object_detection' build argument 'cmake_target' from command line to 'None'
[3.597s] Level 5:colcon.colcon_core.verb:set package 'object_detection' build argument 'cmake_target_skip_unavailable' from command line to 'False'
[3.597s] Level 5:colcon.colcon_core.verb:set package 'object_detection' build argument 'cmake_clean_cache' from command line to 'False'
[3.598s] Level 5:colcon.colcon_core.verb:set package 'object_detection' build argument 'cmake_clean_first' from command line to 'False'
[3.598s] Level 5:colcon.colcon_core.verb:set package 'object_detection' build argument 'cmake_force_configure' from command line to 'False'
[3.598s] Level 5:colcon.colcon_core.verb:set package 'object_detection' build argument 'ament_cmake_args' from command line to 'None'
[3.598s] Level 5:colcon.colcon_core.verb:set package 'object_detection' build argument 'catkin_cmake_args' from command line to 'None'
[3.598s] Level 5:colcon.colcon_core.verb:set package 'object_detection' build argument 'catkin_skip_building_tests' from command line to 'False'
[3.598s] DEBUG:colcon.colcon_core.verb:Building package 'object_detection' with the following arguments: {'ament_cmake_args': None, 'build_base': '/home/user/ros2_ws/build/object_detection', 'cargo_args': None, 'catkin_cmake_args': None, 'catkin_skip_building_tests': False, 'clean_build': False, 'cmake_args': None, 'cmake_clean_cache': False, 'cmake_clean_first': False, 'cmake_force_configure': False, 'cmake_target': None, 'cmake_target_skip_unavailable': False, 'install_base': '/home/user/ros2_ws/install/object_detection', 'lookup_in_workspace': False, 'merge_install': False, 'path': '/home/user/ros2_ws/src/object_detection', 'symlink_install': False, 'test_result_base': None}
[3.608s] INFO:colcon.colcon_core.executor:Executing jobs using 'parallel' executor
[3.664s] DEBUG:colcon.colcon_parallel_executor.executor.parallel:run_until_complete
[3.664s] INFO:colcon.colcon_ros.task.ament_python.build:Building ROS package in '/home/user/ros2_ws/src/object_detection' with build type 'ament_python'
[3.664s] Level 1:colcon.colcon_core.shell:create_environment_hook('object_detection', 'ament_prefix_path')
[3.675s] INFO:colcon.colcon_core.plugin_system:Skipping extension 'colcon_core.shell.bat': Not used on non-Windows systems
[3.676s] INFO:colcon.colcon_core.shell:Creating environment hook '/home/user/ros2_ws/install/object_detection/share/object_detection/hook/ament_prefix_path.ps1'
[3.677s] INFO:colcon.colcon_core.shell:Creating environment descriptor '/home/user/ros2_ws/install/object_detection/share/object_detection/hook/ament_prefix_path.dsv'
[3.678s] INFO:colcon.colcon_core.shell:Creating environment hook '/home/user/ros2_ws/install/object_detection/share/object_detection/hook/ament_prefix_path.sh'
[3.681s] INFO:colcon.colcon_core.shell:Skip shell extension 'powershell' for command environment: Not usable outside of PowerShell
[3.681s] DEBUG:colcon.colcon_core.shell:Skip shell extension 'dsv' for command environment
[5.393s] INFO:colcon.colcon_core.task.python.build:Building Python package in '/home/user/ros2_ws/src/object_detection'
[5.395s] INFO:colcon.colcon_core.shell:Skip shell extension 'powershell' for command environment: Not usable outside of PowerShell
[5.404s] DEBUG:colcon.colcon_core.shell:Skip shell extension 'dsv' for command environment
[7.894s] DEBUG:colcon.colcon_core.event_handler.log_command:Invoking command in '/home/user/ros2_ws/src/object_detection': PYTHONPATH=/home/user/ros2_ws/build/object_detection/prefix_override:/home/user/ros2_ws/install/object_detection/lib/python3.10/site-packages:${PYTHONPATH} _=/usr/bin/env /usr/bin/python3 setup.py egg_info --egg-base ../../build/object_detection build --build-base /home/user/ros2_ws/build/object_detection/build install --record /home/user/ros2_ws/build/object_detection/install.log --single-version-externally-managed
[9.878s] DEBUG:colcon.colcon_core.event_handler.log_command:Invoked command in '/home/user/ros2_ws/src/object_detection' returned '0': PYTHONPATH=/home/user/ros2_ws/build/object_detection/prefix_override:/home/user/ros2_ws/install/object_detection/lib/python3.10/site-packages:${PYTHONPATH} _=/usr/bin/env /usr/bin/python3 setup.py egg_info --egg-base ../../build/object_detection build --build-base /home/user/ros2_ws/build/object_detection/build install --record /home/user/ros2_ws/build/object_detection/install.log --single-version-externally-managed
[9.884s] Level 1:colcon.colcon_core.environment:checking '/home/user/ros2_ws/install/object_detection' for CMake module files
[9.884s] Level 1:colcon.colcon_core.environment:checking '/home/user/ros2_ws/install/object_detection' for CMake config files
[9.885s] Level 1:colcon.colcon_core.environment:checking '/home/user/ros2_ws/install/object_detection/lib'
[9.885s] Level 1:colcon.colcon_core.environment:checking '/home/user/ros2_ws/install/object_detection/bin'
[9.885s] Level 1:colcon.colcon_core.environment:checking '/home/user/ros2_ws/install/object_detection/lib/pkgconfig/object_detection.pc'
[9.886s] Level 1:colcon.colcon_core.environment:checking '/home/user/ros2_ws/install/object_detection/lib/python3.10/site-packages'
[9.886s] Level 1:colcon.colcon_core.shell:create_environment_hook('object_detection', 'pythonpath')
[9.896s] INFO:colcon.colcon_core.shell:Creating environment hook '/home/user/ros2_ws/install/object_detection/share/object_detection/hook/pythonpath.ps1'
[9.897s] INFO:colcon.colcon_core.shell:Creating environment descriptor '/home/user/ros2_ws/install/object_detection/share/object_detection/hook/pythonpath.dsv'
[9.898s] INFO:colcon.colcon_core.shell:Creating environment hook '/home/user/ros2_ws/install/object_detection/share/object_detection/hook/pythonpath.sh'
[9.899s] Level 1:colcon.colcon_core.environment:checking '/home/user/ros2_ws/install/object_detection/bin'
[9.899s] Level 1:colcon.colcon_core.environment:create_environment_scripts_only(object_detection)
[9.902s] INFO:colcon.colcon_core.shell:Creating package script '/home/user/ros2_ws/install/object_detection/share/object_detection/package.ps1'
[9.962s] INFO:colcon.colcon_core.shell:Creating package descriptor '/home/user/ros2_ws/install/object_detection/share/object_detection/package.dsv'
[9.964s] INFO:colcon.colcon_core.shell:Creating package script '/home/user/ros2_ws/install/object_detection/share/object_detection/package.sh'
[9.968s] INFO:colcon.colcon_core.shell:Creating package script '/home/user/ros2_ws/install/object_detection/share/object_detection/package.bash'
[9.970s] INFO:colcon.colcon_core.shell:Creating package script '/home/user/ros2_ws/install/object_detection/share/object_detection/package.zsh'
[9.972s] Level 1:colcon.colcon_core.environment:create_file_with_runtime_dependencies(/home/user/ros2_ws/install/object_detection/share/colcon-core/packages/object_detection)
[9.974s] DEBUG:colcon.colcon_parallel_executor.executor.parallel:closing loop
[9.975s] DEBUG:colcon.colcon_parallel_executor.executor.parallel:loop closed
[9.975s] DEBUG:colcon.colcon_parallel_executor.executor.parallel:run_until_complete finished with '0'
[9.975s] DEBUG:colcon.colcon_core.event_reactor:joining thread
[10.012s] INFO:colcon.colcon_core.plugin_system:Skipping extension 'colcon_notification.desktop_notification.notify_send': Could not find 'notify-send'
[10.016s] INFO:colcon.colcon_core.plugin_system:Skipping extension 'colcon_notification.desktop_notification.terminal_notifier': Not used on non-Darwin systems
[10.016s] INFO:colcon.colcon_core.plugin_system:Skipping extension 'colcon_notification.desktop_notification.win32': Not used on non-Windows systems
[10.016s] INFO:colcon.colcon_notification.desktop_notification:Sending desktop notification using 'notify2'
[10.083s] DEBUG:colcon.colcon_notification.desktop_notification.notify2:Failed to initialize notify2: org.freedesktop.DBus.Error.Spawn.ExecFailed: /usr/bin/dbus-launch terminated abnormally without any error message
[10.083s] DEBUG:colcon.colcon_core.event_reactor:joined thread
[10.088s] INFO:colcon.colcon_core.shell:Creating prefix script '/home/user/ros2_ws/install/local_setup.ps1'
[10.090s] INFO:colcon.colcon_core.shell:Creating prefix util module '/home/user/ros2_ws/install/_local_setup_util_ps1.py'
[10.092s] INFO:colcon.colcon_core.shell:Creating prefix chain script '/home/user/ros2_ws/install/setup.ps1'
[10.103s] INFO:colcon.colcon_core.shell:Creating prefix script '/home/user/ros2_ws/install/local_setup.sh'
[10.107s] INFO:colcon.colcon_core.shell:Creating prefix util module '/home/user/ros2_ws/install/_local_setup_util_sh.py'
[10.108s] INFO:colcon.colcon_core.shell:Creating prefix chain script '/home/user/ros2_ws/install/setup.sh'
[10.163s] INFO:colcon.colcon_core.shell:Creating prefix script '/home/user/ros2_ws/install/local_setup.bash'
[10.164s] INFO:colcon.colcon_core.shell:Creating prefix chain script '/home/user/ros2_ws/install/setup.bash'
[10.170s] INFO:colcon.colcon_core.shell:Creating prefix script '/home/user/ros2_ws/install/local_setup.zsh'
[10.171s] INFO:colcon.colcon_core.shell:Creating prefix chain script '/home/user/ros2_ws/install/setup.zsh'
