[4.225s] Invoking command in '/home/user/ros2_ws/src/object_detection': PYTHONPATH=/home/user/ros2_ws/build/object_detection/prefix_override:/home/user/ros2_ws/install/object_detection/lib/python3.10/site-packages:${PYTHONPATH} _=/usr/bin/env /usr/bin/python3 setup.py egg_info --egg-base ../../build/object_detection build --build-base /home/user/ros2_ws/build/object_detection/build install --record /home/user/ros2_ws/build/object_detection/install.log --single-version-externally-managed
[5.925s] running egg_info
[5.926s] writing ../../build/object_detection/object_detection.egg-info/PKG-INFO
[5.927s] writing dependency_links to ../../build/object_detection/object_detection.egg-info/dependency_links.txt
[5.927s] writing entry points to ../../build/object_detection/object_detection.egg-info/entry_points.txt
[5.928s] writing requirements to ../../build/object_detection/object_detection.egg-info/requires.txt
[5.928s] writing top-level names to ../../build/object_detection/object_detection.egg-info/top_level.txt
[5.932s] reading manifest file '../../build/object_detection/object_detection.egg-info/SOURCES.txt'
[5.932s] writing manifest file '../../build/object_detection/object_detection.egg-info/SOURCES.txt'
[5.933s] running build
[5.934s] running build_py
[5.934s] copying object_detection/object_detection.py -> /home/user/ros2_ws/build/object_detection/build/lib/object_detection
[5.934s] /usr/lib/python3/dist-packages/setuptools/command/install.py:34: SetuptoolsDeprecationWarning: setup.py install is deprecated. Use build and pip and other standards-based tools.
[5.935s]   warnings.warn(
[5.935s] running install
[5.935s] running install_lib
[5.935s] copying /home/user/ros2_ws/build/object_detection/build/lib/object_detection/object_detection.py -> /home/user/ros2_ws/install/object_detection/lib/python3.10/site-packages/object_detection
[5.936s] byte-compiling /home/user/ros2_ws/install/object_detection/lib/python3.10/site-packages/object_detection/object_detection.py to object_detection.cpython-310.pyc
[5.937s] running install_data
[5.990s] running install_egg_info
[5.997s] removing '/home/user/ros2_ws/install/object_detection/lib/python3.10/site-packages/object_detection-0.0.0-py3.10.egg-info' (and everything under it)
[5.998s] Copying ../../build/object_detection/object_detection.egg-info to /home/user/ros2_ws/install/object_detection/lib/python3.10/site-packages/object_detection-0.0.0-py3.10.egg-info
[6.003s] running install_scripts
[6.043s] Installing image_subscriber script to /home/user/ros2_ws/install/object_detection/lib/object_detection
[6.044s] writing list of installed files to '/home/user/ros2_ws/build/object_detection/install.log'
[6.209s] Invoked command in '/home/user/ros2_ws/src/object_detection' returned '0': PYTHONPATH=/home/user/ros2_ws/build/object_detection/prefix_override:/home/user/ros2_ws/install/object_detection/lib/python3.10/site-packages:${PYTHONPATH} _=/usr/bin/env /usr/bin/python3 setup.py egg_info --egg-base ../../build/object_detection build --build-base /home/user/ros2_ws/build/object_detection/build install --record /home/user/ros2_ws/build/object_detection/install.log --single-version-externally-managed
