[2.084s] DEBUG:colcon:Command line arguments: ['/usr/bin/colcon', 'build']
[2.084s] DEBUG:colcon:Parsed command line arguments: Namespace(log_base=None, log_level=None, verb_name='build', build_base='build', install_base='install', merge_install=False, symlink_install=False, test_result_base=None, continue_on_error=False, executor='parallel', parallel_workers=8, event_handlers=None, ignore_user_meta=False, metas=['./colcon.meta'], base_paths=['.'], packages_ignore=None, packages_ignore_regex=None, paths=None, packages_up_to=None, packages_up_to_regex=None, packages_above=None, packages_above_and_dependencies=None, packages_above_depth=None, packages_select_by_dep=None, packages_skip_by_dep=None, packages_skip_up_to=None, packages_select_build_failed=False, packages_skip_build_finished=False, packages_select_test_failures=False, packages_skip_test_passed=False, packages_select=None, packages_skip=None, packages_select_regex=None, packages_skip_regex=None, packages_start=None, packages_end=None, lookup_in_workspace=False, cargo_args=None, clean_build=False, cmake_args=None, cmake_target=None, cmake_target_skip_unavailable=False, cmake_clean_cache=False, cmake_clean_first=False, cmake_force_configure=False, ament_cmake_args=None, catkin_cmake_args=None, catkin_skip_building_tests=False, mixin_files=None, mixin=None, verb_parser=<colcon_mixin.mixin.mixin_argument.MixinArgumentDecorator object at 0x7fa233acd7b0>, verb_extension=<colcon_core.verb.build.BuildVerb object at 0x7fa2344a4820>, main=<bound method BuildVerb.main of <colcon_core.verb.build.BuildVerb object at 0x7fa2344a4820>>, mixin_verb=('build',))
[2.272s] Level 1:colcon.colcon_core.package_discovery:discover_packages(colcon_meta) check parameters
[2.273s] Level 1:colcon.colcon_core.package_discovery:discover_packages(recursive) check parameters
[2.273s] Level 1:colcon.colcon_core.package_discovery:discover_packages(ignore) check parameters
[2.273s] Level 1:colcon.colcon_core.package_discovery:discover_packages(path) check parameters
[2.273s] Level 1:colcon.colcon_core.package_discovery:discover_packages(colcon_meta) discover
[2.273s] Level 1:colcon.colcon_core.package_discovery:discover_packages(recursive) discover
[2.273s] INFO:colcon.colcon_core.package_discovery:Crawling recursively for packages in '/home/user/ros2_ws'
[2.273s] Level 1:colcon.colcon_core.package_identification:_identify(.) by extensions ['ignore', 'ignore_ament_install']
[2.273s] Level 1:colcon.colcon_core.package_identification:_identify(.) by extension 'ignore'
[2.273s] Level 1:colcon.colcon_core.package_identification:_identify(.) by extension 'ignore_ament_install'
[2.273s] Level 1:colcon.colcon_core.package_identification:_identify(.) by extensions ['colcon_pkg']
[2.274s] Level 1:colcon.colcon_core.package_identification:_identify(.) by extension 'colcon_pkg'
[2.274s] Level 1:colcon.colcon_core.package_identification:_identify(.) by extensions ['colcon_meta']
[2.274s] Level 1:colcon.colcon_core.package_identification:_identify(.) by extension 'colcon_meta'
[2.274s] Level 1:colcon.colcon_core.package_identification:_identify(.) by extensions ['ament_cargo']
[2.274s] Level 1:colcon.colcon_core.package_identification:_identify(.) by extension 'ament_cargo'
[2.274s] Level 1:colcon.colcon_core.package_identification:_identify(.) by extensions ['ros']
[2.274s] Level 1:colcon.colcon_core.package_identification:_identify(.) by extension 'ros'
[2.297s] Level 1:colcon.colcon_core.package_identification:_identify(.) by extensions ['cargo', 'cmake', 'python']
[2.297s] Level 1:colcon.colcon_core.package_identification:_identify(.) by extension 'cargo'
[2.297s] Level 1:colcon.colcon_core.package_identification:_identify(.) by extension 'cmake'
[2.297s] Level 1:colcon.colcon_core.package_identification:_identify(.) by extension 'python'
[2.297s] Level 1:colcon.colcon_core.package_identification:_identify(.) by extensions ['python_setup_py']
[2.297s] Level 1:colcon.colcon_core.package_identification:_identify(.) by extension 'python_setup_py'
[2.297s] Level 1:colcon.colcon_core.package_identification:_identify(build) by extensions ['ignore', 'ignore_ament_install']
[2.297s] Level 1:colcon.colcon_core.package_identification:_identify(build) by extension 'ignore'
[2.297s] Level 1:colcon.colcon_core.package_identification:_identify(build) ignored
[2.298s] Level 1:colcon.colcon_core.package_identification:_identify(install) by extensions ['ignore', 'ignore_ament_install']
[2.298s] Level 1:colcon.colcon_core.package_identification:_identify(install) by extension 'ignore'
[2.298s] Level 1:colcon.colcon_core.package_identification:_identify(install) ignored
[2.298s] Level 1:colcon.colcon_core.package_identification:_identify(log) by extensions ['ignore', 'ignore_ament_install']
[2.299s] Level 1:colcon.colcon_core.package_identification:_identify(log) by extension 'ignore'
[2.299s] Level 1:colcon.colcon_core.package_identification:_identify(log) ignored
[2.299s] Level 1:colcon.colcon_core.package_identification:_identify(src) by extensions ['ignore', 'ignore_ament_install']
[2.299s] Level 1:colcon.colcon_core.package_identification:_identify(src) by extension 'ignore'
[2.299s] Level 1:colcon.colcon_core.package_identification:_identify(src) by extension 'ignore_ament_install'
[2.299s] Level 1:colcon.colcon_core.package_identification:_identify(src) by extensions ['colcon_pkg']
[2.299s] Level 1:colcon.colcon_core.package_identification:_identify(src) by extension 'colcon_pkg'
[2.299s] Level 1:colcon.colcon_core.package_identification:_identify(src) by extensions ['colcon_meta']
[2.299s] Level 1:colcon.colcon_core.package_identification:_identify(src) by extension 'colcon_meta'
[2.299s] Level 1:colcon.colcon_core.package_identification:_identify(src) by extensions ['ament_cargo']
[2.299s] Level 1:colcon.colcon_core.package_identification:_identify(src) by extension 'ament_cargo'
[2.299s] Level 1:colcon.colcon_core.package_identification:_identify(src) by extensions ['ros']
[2.299s] Level 1:colcon.colcon_core.package_identification:_identify(src) by extension 'ros'
[2.300s] Level 1:colcon.colcon_core.package_identification:_identify(src) by extensions ['cargo', 'cmake', 'python']
[2.300s] Level 1:colcon.colcon_core.package_identification:_identify(src) by extension 'cargo'
[2.300s] Level 1:colcon.colcon_core.package_identification:_identify(src) by extension 'cmake'
[2.300s] Level 1:colcon.colcon_core.package_identification:_identify(src) by extension 'python'
[2.300s] Level 1:colcon.colcon_core.package_identification:_identify(src) by extensions ['python_setup_py']
[2.300s] Level 1:colcon.colcon_core.package_identification:_identify(src) by extension 'python_setup_py'
[2.300s] Level 1:colcon.colcon_core.package_identification:_identify(src/object_detection) by extensions ['ignore', 'ignore_ament_install']
[2.300s] Level 1:colcon.colcon_core.package_identification:_identify(src/object_detection) by extension 'ignore'
[2.300s] Level 1:colcon.colcon_core.package_identification:_identify(src/object_detection) by extension 'ignore_ament_install'
[2.300s] Level 1:colcon.colcon_core.package_identification:_identify(src/object_detection) by extensions ['colcon_pkg']
[2.300s] Level 1:colcon.colcon_core.package_identification:_identify(src/object_detection) by extension 'colcon_pkg'
[2.300s] Level 1:colcon.colcon_core.package_identification:_identify(src/object_detection) by extensions ['colcon_meta']
[2.301s] Level 1:colcon.colcon_core.package_identification:_identify(src/object_detection) by extension 'colcon_meta'
[2.301s] Level 1:colcon.colcon_core.package_identification:_identify(src/object_detection) by extensions ['ament_cargo']
[2.301s] Level 1:colcon.colcon_core.package_identification:_identify(src/object_detection) by extension 'ament_cargo'
[2.301s] Level 1:colcon.colcon_core.package_identification:_identify(src/object_detection) by extensions ['ros']
[2.301s] Level 1:colcon.colcon_core.package_identification:_identify(src/object_detection) by extension 'ros'
[2.305s] DEBUG:colcon.colcon_core.package_identification:Package 'src/object_detection' with type 'ros.ament_python' and name 'object_detection'
[2.305s] Level 1:colcon.colcon_core.package_discovery:discover_packages(recursive) using defaults
[2.305s] Level 1:colcon.colcon_core.package_discovery:discover_packages(ignore) discover
[2.305s] Level 1:colcon.colcon_core.package_discovery:discover_packages(ignore) using defaults
[2.305s] Level 1:colcon.colcon_core.package_discovery:discover_packages(path) discover
[2.305s] Level 1:colcon.colcon_core.package_discovery:discover_packages(path) using defaults
[2.468s] Level 5:colcon.colcon_core.verb:set package 'object_detection' build argument 'lookup_in_workspace' from command line to 'False'
[2.469s] Level 5:colcon.colcon_core.verb:set package 'object_detection' build argument 'cargo_args' from command line to 'None'
[2.469s] Level 5:colcon.colcon_core.verb:set package 'object_detection' build argument 'clean_build' from command line to 'False'
[2.469s] Level 5:colcon.colcon_core.verb:set package 'object_detection' build argument 'cmake_args' from command line to 'None'
[2.469s] Level 5:colcon.colcon_core.verb:set package 'object_detection' build argument 'cmake_target' from command line to 'None'
[2.469s] Level 5:colcon.colcon_core.verb:set package 'object_detection' build argument 'cmake_target_skip_unavailable' from command line to 'False'
[2.469s] Level 5:colcon.colcon_core.verb:set package 'object_detection' build argument 'cmake_clean_cache' from command line to 'False'
[2.469s] Level 5:colcon.colcon_core.verb:set package 'object_detection' build argument 'cmake_clean_first' from command line to 'False'
[2.469s] Level 5:colcon.colcon_core.verb:set package 'object_detection' build argument 'cmake_force_configure' from command line to 'False'
[2.469s] Level 5:colcon.colcon_core.verb:set package 'object_detection' build argument 'ament_cmake_args' from command line to 'None'
[2.469s] Level 5:colcon.colcon_core.verb:set package 'object_detection' build argument 'catkin_cmake_args' from command line to 'None'
[2.470s] Level 5:colcon.colcon_core.verb:set package 'object_detection' build argument 'catkin_skip_building_tests' from command line to 'False'
[2.470s] DEBUG:colcon.colcon_core.verb:Building package 'object_detection' with the following arguments: {'ament_cmake_args': None, 'build_base': '/home/user/ros2_ws/build/object_detection', 'cargo_args': None, 'catkin_cmake_args': None, 'catkin_skip_building_tests': False, 'clean_build': False, 'cmake_args': None, 'cmake_clean_cache': False, 'cmake_clean_first': False, 'cmake_force_configure': False, 'cmake_target': None, 'cmake_target_skip_unavailable': False, 'install_base': '/home/user/ros2_ws/install/object_detection', 'lookup_in_workspace': False, 'merge_install': False, 'path': '/home/user/ros2_ws/src/object_detection', 'symlink_install': False, 'test_result_base': None}
[2.471s] INFO:colcon.colcon_core.executor:Executing jobs using 'parallel' executor
[2.480s] DEBUG:colcon.colcon_parallel_executor.executor.parallel:run_until_complete
[2.480s] INFO:colcon.colcon_ros.task.ament_python.build:Building ROS package in '/home/user/ros2_ws/src/object_detection' with build type 'ament_python'
[2.481s] Level 1:colcon.colcon_core.shell:create_environment_hook('object_detection', 'ament_prefix_path')
[2.492s] INFO:colcon.colcon_core.plugin_system:Skipping extension 'colcon_core.shell.bat': Not used on non-Windows systems
[2.493s] INFO:colcon.colcon_core.shell:Creating environment hook '/home/user/ros2_ws/install/object_detection/share/object_detection/hook/ament_prefix_path.ps1'
[2.494s] INFO:colcon.colcon_core.shell:Creating environment descriptor '/home/user/ros2_ws/install/object_detection/share/object_detection/hook/ament_prefix_path.dsv'
[2.494s] INFO:colcon.colcon_core.shell:Creating environment hook '/home/user/ros2_ws/install/object_detection/share/object_detection/hook/ament_prefix_path.sh'
[2.498s] INFO:colcon.colcon_core.shell:Skip shell extension 'powershell' for command environment: Not usable outside of PowerShell
[2.498s] DEBUG:colcon.colcon_core.shell:Skip shell extension 'dsv' for command environment
[3.681s] INFO:colcon.colcon_core.task.python.build:Building Python package in '/home/user/ros2_ws/src/object_detection'
[3.684s] INFO:colcon.colcon_core.shell:Skip shell extension 'powershell' for command environment: Not usable outside of PowerShell
[3.685s] DEBUG:colcon.colcon_core.shell:Skip shell extension 'dsv' for command environment
[5.681s] DEBUG:colcon.colcon_core.event_handler.log_command:Invoking command in '/home/user/ros2_ws/src/object_detection': PYTHONPATH=/home/user/ros2_ws/build/object_detection/prefix_override:/home/user/ros2_ws/install/object_detection/lib/python3.10/site-packages:${PYTHONPATH} _=/usr/bin/env /usr/bin/python3 setup.py egg_info --egg-base ../../build/object_detection build --build-base /home/user/ros2_ws/build/object_detection/build install --record /home/user/ros2_ws/build/object_detection/install.log --single-version-externally-managed
[7.375s] DEBUG:colcon.colcon_core.event_handler.log_command:Invoked command in '/home/user/ros2_ws/src/object_detection' returned '0': PYTHONPATH=/home/user/ros2_ws/build/object_detection/prefix_override:/home/user/ros2_ws/install/object_detection/lib/python3.10/site-packages:${PYTHONPATH} _=/usr/bin/env /usr/bin/python3 setup.py egg_info --egg-base ../../build/object_detection build --build-base /home/user/ros2_ws/build/object_detection/build install --record /home/user/ros2_ws/build/object_detection/install.log --single-version-externally-managed
[7.380s] Level 1:colcon.colcon_core.environment:checking '/home/user/ros2_ws/install/object_detection' for CMake module files
[7.381s] Level 1:colcon.colcon_core.environment:checking '/home/user/ros2_ws/install/object_detection' for CMake config files
[7.388s] Level 1:colcon.colcon_core.environment:checking '/home/user/ros2_ws/install/object_detection/lib'
[7.388s] Level 1:colcon.colcon_core.environment:checking '/home/user/ros2_ws/install/object_detection/bin'
[7.388s] Level 1:colcon.colcon_core.environment:checking '/home/user/ros2_ws/install/object_detection/lib/pkgconfig/object_detection.pc'
[7.388s] Level 1:colcon.colcon_core.environment:checking '/home/user/ros2_ws/install/object_detection/lib/python3.10/site-packages'
[7.388s] Level 1:colcon.colcon_core.shell:create_environment_hook('object_detection', 'pythonpath')
[7.397s] INFO:colcon.colcon_core.shell:Creating environment hook '/home/user/ros2_ws/install/object_detection/share/object_detection/hook/pythonpath.ps1'
[7.398s] INFO:colcon.colcon_core.shell:Creating environment descriptor '/home/user/ros2_ws/install/object_detection/share/object_detection/hook/pythonpath.dsv'
[7.399s] INFO:colcon.colcon_core.shell:Creating environment hook '/home/user/ros2_ws/install/object_detection/share/object_detection/hook/pythonpath.sh'
[7.399s] Level 1:colcon.colcon_core.environment:checking '/home/user/ros2_ws/install/object_detection/bin'
[7.399s] Level 1:colcon.colcon_core.environment:create_environment_scripts_only(object_detection)
[7.401s] INFO:colcon.colcon_core.shell:Creating package script '/home/user/ros2_ws/install/object_detection/share/object_detection/package.ps1'
[7.403s] INFO:colcon.colcon_core.shell:Creating package descriptor '/home/user/ros2_ws/install/object_detection/share/object_detection/package.dsv'
[7.404s] INFO:colcon.colcon_core.shell:Creating package script '/home/user/ros2_ws/install/object_detection/share/object_detection/package.sh'
[7.405s] INFO:colcon.colcon_core.shell:Creating package script '/home/user/ros2_ws/install/object_detection/share/object_detection/package.bash'
[7.418s] INFO:colcon.colcon_core.shell:Creating package script '/home/user/ros2_ws/install/object_detection/share/object_detection/package.zsh'
[7.454s] Level 1:colcon.colcon_core.environment:create_file_with_runtime_dependencies(/home/user/ros2_ws/install/object_detection/share/colcon-core/packages/object_detection)
[7.458s] DEBUG:colcon.colcon_parallel_executor.executor.parallel:closing loop
[7.458s] DEBUG:colcon.colcon_parallel_executor.executor.parallel:loop closed
[7.459s] DEBUG:colcon.colcon_parallel_executor.executor.parallel:run_until_complete finished with '0'
[7.459s] DEBUG:colcon.colcon_core.event_reactor:joining thread
[7.470s] INFO:colcon.colcon_core.plugin_system:Skipping extension 'colcon_notification.desktop_notification.notify_send': Could not find 'notify-send'
[7.470s] INFO:colcon.colcon_core.plugin_system:Skipping extension 'colcon_notification.desktop_notification.terminal_notifier': Not used on non-Darwin systems
[7.470s] INFO:colcon.colcon_core.plugin_system:Skipping extension 'colcon_notification.desktop_notification.win32': Not used on non-Windows systems
[7.470s] INFO:colcon.colcon_notification.desktop_notification:Sending desktop notification using 'notify2'
[7.473s] DEBUG:colcon.colcon_notification.desktop_notification.notify2:Failed to initialize notify2: org.freedesktop.DBus.Error.Spawn.ExecFailed: /usr/bin/dbus-launch terminated abnormally without any error message
[7.473s] DEBUG:colcon.colcon_core.event_reactor:joined thread
[7.476s] INFO:colcon.colcon_core.shell:Creating prefix script '/home/user/ros2_ws/install/local_setup.ps1'
[7.478s] INFO:colcon.colcon_core.shell:Creating prefix util module '/home/user/ros2_ws/install/_local_setup_util_ps1.py'
[7.485s] INFO:colcon.colcon_core.shell:Creating prefix chain script '/home/user/ros2_ws/install/setup.ps1'
[7.495s] INFO:colcon.colcon_core.shell:Creating prefix script '/home/user/ros2_ws/install/local_setup.sh'
[7.496s] INFO:colcon.colcon_core.shell:Creating prefix util module '/home/user/ros2_ws/install/_local_setup_util_sh.py'
[7.497s] INFO:colcon.colcon_core.shell:Creating prefix chain script '/home/user/ros2_ws/install/setup.sh'
[7.510s] INFO:colcon.colcon_core.shell:Creating prefix script '/home/user/ros2_ws/install/local_setup.bash'
[7.510s] INFO:colcon.colcon_core.shell:Creating prefix chain script '/home/user/ros2_ws/install/setup.bash'
[7.558s] INFO:colcon.colcon_core.shell:Creating prefix script '/home/user/ros2_ws/install/local_setup.zsh'
[7.558s] INFO:colcon.colcon_core.shell:Creating prefix chain script '/home/user/ros2_ws/install/setup.zsh'
